[INFO  - 2023-11-20T02:40:33.780Z] GhostDriver - Main - running on port 37409
[INFO  - 2023-11-20T02:40:34.619Z] Session [2e20bb80-874e-11ee-859f-0fbb7b83b95e] - page.settings - {"XSSAuditingEnabled":false,"javascriptCanCloseWindows":true,"javascriptCanOpenWindows":true,"javascriptEnabled":true,"loadImages":true,"localToRemoteUrlAccessEnabled":false,"userAgent":"Mozilla/5.0 (Unknown; Linux x86_64) AppleWebKit/538.1 (KHTML, like Gecko) PhantomJS/2.1.1 Safari/538.1","webSecurityEnabled":true}
[INFO  - 2023-11-20T02:40:34.620Z] Session [2e20bb80-874e-11ee-859f-0fbb7b83b95e] - page.customHeaders:  - {}
[INFO  - 2023-11-20T02:40:34.620Z] Session [2e20bb80-874e-11ee-859f-0fbb7b83b95e] - Session.negotiatedCapabilities - {"browserName":"phantomjs","version":"2.1.1","driverName":"ghostdriver","driverVersion":"1.2.0","platform":"linux-unknown-64bit","javascriptEnabled":true,"takesScreenshot":true,"handlesAlerts":false,"databaseEnabled":false,"locationContextEnabled":false,"applicationCacheEnabled":false,"browserConnectionEnabled":false,"cssSelectorsEnabled":true,"webStorageEnabled":false,"rotatable":false,"acceptSslCerts":false,"nativeEvents":true,"proxy":{"proxyType":"direct"}}
[INFO  - 2023-11-20T02:40:34.620Z] SessionManagerReqHand - _postNewSessionCommand - New Session Created: 2e20bb80-874e-11ee-859f-0fbb7b83b95e
[ERROR - 2023-11-20T02:40:37.199Z] Session [2e20bb80-874e-11ee-859f-0fbb7b83b95e] - page.onError - msg: ReferenceError: Can't find variable: Promise

  phantomjs://platform/console++.js:263 in error
[ERROR - 2023-11-20T02:40:37.200Z] Session [2e20bb80-874e-11ee-859f-0fbb7b83b95e] - page.onError - stack:
  generateAnimate (https://pss.bdstatic.com/static/superman/js/components/ai-talk-switch-c2572e6a36.js:21)
  initBubbleEntry (https://pss.bdstatic.com/static/superman/js/components/ai-talk-switch-c2572e6a36.js:27)
  init (https://pss.bdstatic.com/static/superman/js/components/ai-talk-switch-c2572e6a36.js:32)
  (anonymous function) (https://pss.bdstatic.com/static/superman/js/components/ai-talk-switch-c2572e6a36.js:14)
  tryFinishRequire (https://pss.bdstatic.com/static/superman/js/lib/esl-d776bfb1aa.js:15)
  nativeAsyncRequire (https://pss.bdstatic.com/static/superman/js/lib/esl-d776bfb1aa.js:15)
  (anonymous function) (https://pss.bdstatic.com/static/superman/js/lib/esl-d776bfb1aa.js:26)
  tryFinishRequire (https://pss.bdstatic.com/static/superman/js/lib/esl-d776bfb1aa.js:15)
  modDefined (https://pss.bdstatic.com/static/superman/js/lib/esl-d776bfb1aa.js:14)
  invokeFactory (https://pss.bdstatic.com/static/superman/js/lib/esl-d776bfb1aa.js:12)
  modTryInvokeFactory (https://pss.bdstatic.com/static/superman/js/lib/esl-d776bfb1aa.js:13)
  modAutoDefine (https://pss.bdstatic.com/static/superman/js/lib/esl-d776bfb1aa.js:10)
  loaded (https://pss.bdstatic.com/static/superman/js/lib/esl-d776bfb1aa.js:17)
  innerOnload (https://pss.bdstatic.com/static/superman/js/lib/esl-d776bfb1aa.js:32)

  phantomjs://platform/console++.js:263 in error
